<?xml version="1.0" encoding="UTF-8"?>
<!-- Generated by org.testng.reporters.JUnitReportReporter -->
<testsuite hostname="Admin-PC" failures="0" tests="1" name="test.SearchBusTest" time="24.204" errors="0" timestamp="07 Oct 2020 05:46:00 GMT" skipped="0">
  <testcase classname="test.SearchBusTest" name="searchBusTest" time="24.204"/>
</testsuite> <!-- test.SearchBusTest -->
